IANA PEN registry open failed: Aucun fichier ou dossier de ce type
IANA PEN registry open failed: Aucun fichier ou dossier de ce type
Traceback (most recent call last):
  File "/home/andrea/Homelab-Energy-Monitor/main.py", line 22, in <module>
    retrieve_data('192.168.1.66', 'root', 'calvin')
  File "/home/andrea/Homelab-Energy-Monitor/retrieve.py", line 9, in retrieve_data
    subprocess.run(command, shell=True, stdout=subprocess.PIPE, text=True)
  File "/usr/lib/python3.11/subprocess.py", line 550, in run
    stdout, stderr = process.communicate(input, timeout=timeout)
                     ^^^^^^^^^^^^^^^^^^^^^^^^^^^^^^^^^^^^^^^^^^^
  File "/usr/lib/python3.11/subprocess.py", line 1194, in communicate
    stdout = self.stdout.read()
             ^^^^^^^^^^^^^^^^^^
KeyboardInterrupt
IANA PEN registry open failed: Aucun fichier ou dossier de ce type
IANA PEN registry open failed: Aucun fichier ou dossier de ce type
IANA PEN registry open failed: Aucun fichier ou dossier de ce type
IANA PEN registry open failed: Aucun fichier ou dossier de ce type
IANA PEN registry open failed: Aucun fichier ou dossier de ce type
IANA PEN registry open failed: Aucun fichier ou dossier de ce type
IANA PEN registry open failed: Aucun fichier ou dossier de ce type
IANA PEN registry open failed: Aucun fichier ou dossier de ce type
IANA PEN registry open failed: Aucun fichier ou dossier de ce type
IANA PEN registry open failed: Aucun fichier ou dossier de ce type
IANA PEN registry open failed: Aucun fichier ou dossier de ce type
IANA PEN registry open failed: Aucun fichier ou dossier de ce type
IANA PEN registry open failed: Aucun fichier ou dossier de ce type
IANA PEN registry open failed: Aucun fichier ou dossier de ce type
IANA PEN registry open failed: Aucun fichier ou dossier de ce type
IANA PEN registry open failed: Aucun fichier ou dossier de ce type
IANA PEN registry open failed: Aucun fichier ou dossier de ce type
IANA PEN registry open failed: Aucun fichier ou dossier de ce type
IANA PEN registry open failed: Aucun fichier ou dossier de ce type
IANA PEN registry open failed: Aucun fichier ou dossier de ce type
IANA PEN registry open failed: Aucun fichier ou dossier de ce type
IANA PEN registry open failed: Aucun fichier ou dossier de ce type
IANA PEN registry open failed: Aucun fichier ou dossier de ce type
IANA PEN registry open failed: Aucun fichier ou dossier de ce type
IANA PEN registry open failed: Aucun fichier ou dossier de ce type
IANA PEN registry open failed: Aucun fichier ou dossier de ce type
IANA PEN registry open failed: Aucun fichier ou dossier de ce type
IANA PEN registry open failed: Aucun fichier ou dossier de ce type
IANA PEN registry open failed: Aucun fichier ou dossier de ce type
IANA PEN registry open failed: Aucun fichier ou dossier de ce type
IANA PEN registry open failed: Aucun fichier ou dossier de ce type
IANA PEN registry open failed: Aucun fichier ou dossier de ce type
IANA PEN registry open failed: Aucun fichier ou dossier de ce type
IANA PEN registry open failed: Aucun fichier ou dossier de ce type
IANA PEN registry open failed: Aucun fichier ou dossier de ce type
IANA PEN registry open failed: Aucun fichier ou dossier de ce type
IANA PEN registry open failed: Aucun fichier ou dossier de ce type
IANA PEN registry open failed: Aucun fichier ou dossier de ce type
IANA PEN registry open failed: Aucun fichier ou dossier de ce type
IANA PEN registry open failed: Aucun fichier ou dossier de ce type
IANA PEN registry open failed: Aucun fichier ou dossier de ce type
IANA PEN registry open failed: Aucun fichier ou dossier de ce type
IANA PEN registry open failed: Aucun fichier ou dossier de ce type
IANA PEN registry open failed: Aucun fichier ou dossier de ce type
IANA PEN registry open failed: Aucun fichier ou dossier de ce type
IANA PEN registry open failed: Aucun fichier ou dossier de ce type
IANA PEN registry open failed: Aucun fichier ou dossier de ce type
IANA PEN registry open failed: Aucun fichier ou dossier de ce type
IANA PEN registry open failed: Aucun fichier ou dossier de ce type
IANA PEN registry open failed: Aucun fichier ou dossier de ce type
IANA PEN registry open failed: Aucun fichier ou dossier de ce type
IANA PEN registry open failed: Aucun fichier ou dossier de ce type
IANA PEN registry open failed: Aucun fichier ou dossier de ce type
IANA PEN registry open failed: Aucun fichier ou dossier de ce type
IANA PEN registry open failed: Aucun fichier ou dossier de ce type
IANA PEN registry open failed: Aucun fichier ou dossier de ce type
IANA PEN registry open failed: Aucun fichier ou dossier de ce type
IANA PEN registry open failed: Aucun fichier ou dossier de ce type
IANA PEN registry open failed: Aucun fichier ou dossier de ce type
IANA PEN registry open failed: Aucun fichier ou dossier de ce type
IANA PEN registry open failed: Aucun fichier ou dossier de ce type
IANA PEN registry open failed: Aucun fichier ou dossier de ce type
IANA PEN registry open failed: Aucun fichier ou dossier de ce type
IANA PEN registry open failed: Aucun fichier ou dossier de ce type
IANA PEN registry open failed: Aucun fichier ou dossier de ce type
IANA PEN registry open failed: Aucun fichier ou dossier de ce type
IANA PEN registry open failed: Aucun fichier ou dossier de ce type
IANA PEN registry open failed: Aucun fichier ou dossier de ce type
IANA PEN registry open failed: Aucun fichier ou dossier de ce type
IANA PEN registry open failed: Aucun fichier ou dossier de ce type
IANA PEN registry open failed: Aucun fichier ou dossier de ce type
IANA PEN registry open failed: Aucun fichier ou dossier de ce type
IANA PEN registry open failed: Aucun fichier ou dossier de ce type
IANA PEN registry open failed: Aucun fichier ou dossier de ce type
IANA PEN registry open failed: Aucun fichier ou dossier de ce type
IANA PEN registry open failed: Aucun fichier ou dossier de ce type
IANA PEN registry open failed: Aucun fichier ou dossier de ce type
IANA PEN registry open failed: Aucun fichier ou dossier de ce type
IANA PEN registry open failed: Aucun fichier ou dossier de ce type
IANA PEN registry open failed: Aucun fichier ou dossier de ce type
IANA PEN registry open failed: Aucun fichier ou dossier de ce type
IANA PEN registry open failed: Aucun fichier ou dossier de ce type
IANA PEN registry open failed: Aucun fichier ou dossier de ce type
IANA PEN registry open failed: Aucun fichier ou dossier de ce type
IANA PEN registry open failed: Aucun fichier ou dossier de ce type
IANA PEN registry open failed: Aucun fichier ou dossier de ce type
IANA PEN registry open failed: Aucun fichier ou dossier de ce type
IANA PEN registry open failed: Aucun fichier ou dossier de ce type
IANA PEN registry open failed: Aucun fichier ou dossier de ce type
IANA PEN registry open failed: Aucun fichier ou dossier de ce type
IANA PEN registry open failed: Aucun fichier ou dossier de ce type
IANA PEN registry open failed: Aucun fichier ou dossier de ce type
IANA PEN registry open failed: Aucun fichier ou dossier de ce type
IANA PEN registry open failed: Aucun fichier ou dossier de ce type
IANA PEN registry open failed: Aucun fichier ou dossier de ce type
IANA PEN registry open failed: Aucun fichier ou dossier de ce type
IANA PEN registry open failed: Aucun fichier ou dossier de ce type
IANA PEN registry open failed: Aucun fichier ou dossier de ce type
IANA PEN registry open failed: Aucun fichier ou dossier de ce type
IANA PEN registry open failed: Aucun fichier ou dossier de ce type
IANA PEN registry open failed: Aucun fichier ou dossier de ce type
IANA PEN registry open failed: Aucun fichier ou dossier de ce type
IANA PEN registry open failed: Aucun fichier ou dossier de ce type
IANA PEN registry open failed: Aucun fichier ou dossier de ce type
IANA PEN registry open failed: Aucun fichier ou dossier de ce type
IANA PEN registry open failed: Aucun fichier ou dossier de ce type
IANA PEN registry open failed: Aucun fichier ou dossier de ce type
IANA PEN registry open failed: Aucun fichier ou dossier de ce type
IANA PEN registry open failed: Aucun fichier ou dossier de ce type
IANA PEN registry open failed: Aucun fichier ou dossier de ce type
IANA PEN registry open failed: Aucun fichier ou dossier de ce type
IANA PEN registry open failed: Aucun fichier ou dossier de ce type
IANA PEN registry open failed: Aucun fichier ou dossier de ce type
IANA PEN registry open failed: Aucun fichier ou dossier de ce type
IANA PEN registry open failed: Aucun fichier ou dossier de ce type
IANA PEN registry open failed: Aucun fichier ou dossier de ce type
IANA PEN registry open failed: Aucun fichier ou dossier de ce type
IANA PEN registry open failed: Aucun fichier ou dossier de ce type
IANA PEN registry open failed: Aucun fichier ou dossier de ce type
IANA PEN registry open failed: Aucun fichier ou dossier de ce type
IANA PEN registry open failed: Aucun fichier ou dossier de ce type
IANA PEN registry open failed: Aucun fichier ou dossier de ce type
IANA PEN registry open failed: Aucun fichier ou dossier de ce type
IANA PEN registry open failed: Aucun fichier ou dossier de ce type
IANA PEN registry open failed: Aucun fichier ou dossier de ce type
IANA PEN registry open failed: Aucun fichier ou dossier de ce type
IANA PEN registry open failed: Aucun fichier ou dossier de ce type
IANA PEN registry open failed: Aucun fichier ou dossier de ce type
IANA PEN registry open failed: Aucun fichier ou dossier de ce type
IANA PEN registry open failed: Aucun fichier ou dossier de ce type
IANA PEN registry open failed: Aucun fichier ou dossier de ce type
IANA PEN registry open failed: Aucun fichier ou dossier de ce type
IANA PEN registry open failed: Aucun fichier ou dossier de ce type
IANA PEN registry open failed: Aucun fichier ou dossier de ce type
IANA PEN registry open failed: Aucun fichier ou dossier de ce type
IANA PEN registry open failed: Aucun fichier ou dossier de ce type
IANA PEN registry open failed: Aucun fichier ou dossier de ce type
IANA PEN registry open failed: Aucun fichier ou dossier de ce type
IANA PEN registry open failed: Aucun fichier ou dossier de ce type
IANA PEN registry open failed: Aucun fichier ou dossier de ce type
IANA PEN registry open failed: Aucun fichier ou dossier de ce type
IANA PEN registry open failed: Aucun fichier ou dossier de ce type
IANA PEN registry open failed: Aucun fichier ou dossier de ce type
IANA PEN registry open failed: Aucun fichier ou dossier de ce type
IANA PEN registry open failed: Aucun fichier ou dossier de ce type
IANA PEN registry open failed: Aucun fichier ou dossier de ce type
IANA PEN registry open failed: Aucun fichier ou dossier de ce type
IANA PEN registry open failed: Aucun fichier ou dossier de ce type
IANA PEN registry open failed: Aucun fichier ou dossier de ce type
IANA PEN registry open failed: Aucun fichier ou dossier de ce type
IANA PEN registry open failed: Aucun fichier ou dossier de ce type
IANA PEN registry open failed: Aucun fichier ou dossier de ce type
IANA PEN registry open failed: Aucun fichier ou dossier de ce type
IANA PEN registry open failed: Aucun fichier ou dossier de ce type
IANA PEN registry open failed: Aucun fichier ou dossier de ce type
IANA PEN registry open failed: Aucun fichier ou dossier de ce type
IANA PEN registry open failed: Aucun fichier ou dossier de ce type
IANA PEN registry open failed: Aucun fichier ou dossier de ce type
IANA PEN registry open failed: Aucun fichier ou dossier de ce type
IANA PEN registry open failed: Aucun fichier ou dossier de ce type
IANA PEN registry open failed: Aucun fichier ou dossier de ce type
IANA PEN registry open failed: Aucun fichier ou dossier de ce type
IANA PEN registry open failed: Aucun fichier ou dossier de ce type
IANA PEN registry open failed: Aucun fichier ou dossier de ce type
IANA PEN registry open failed: Aucun fichier ou dossier de ce type
IANA PEN registry open failed: Aucun fichier ou dossier de ce type
IANA PEN registry open failed: Aucun fichier ou dossier de ce type
IANA PEN registry open failed: Aucun fichier ou dossier de ce type
IANA PEN registry open failed: Aucun fichier ou dossier de ce type
IANA PEN registry open failed: Aucun fichier ou dossier de ce type
IANA PEN registry open failed: Aucun fichier ou dossier de ce type
IANA PEN registry open failed: Aucun fichier ou dossier de ce type
IANA PEN registry open failed: Aucun fichier ou dossier de ce type
IANA PEN registry open failed: Aucun fichier ou dossier de ce type
IANA PEN registry open failed: Aucun fichier ou dossier de ce type
IANA PEN registry open failed: Aucun fichier ou dossier de ce type
IANA PEN registry open failed: Aucun fichier ou dossier de ce type
IANA PEN registry open failed: Aucun fichier ou dossier de ce type
IANA PEN registry open failed: Aucun fichier ou dossier de ce type
IANA PEN registry open failed: Aucun fichier ou dossier de ce type
IANA PEN registry open failed: Aucun fichier ou dossier de ce type
IANA PEN registry open failed: Aucun fichier ou dossier de ce type
IANA PEN registry open failed: Aucun fichier ou dossier de ce type
IANA PEN registry open failed: Aucun fichier ou dossier de ce type
IANA PEN registry open failed: Aucun fichier ou dossier de ce type
IANA PEN registry open failed: Aucun fichier ou dossier de ce type
IANA PEN registry open failed: Aucun fichier ou dossier de ce type
IANA PEN registry open failed: Aucun fichier ou dossier de ce type
IANA PEN registry open failed: Aucun fichier ou dossier de ce type
IANA PEN registry open failed: Aucun fichier ou dossier de ce type
IANA PEN registry open failed: Aucun fichier ou dossier de ce type
IANA PEN registry open failed: Aucun fichier ou dossier de ce type
IANA PEN registry open failed: Aucun fichier ou dossier de ce type
IANA PEN registry open failed: Aucun fichier ou dossier de ce type
IANA PEN registry open failed: Aucun fichier ou dossier de ce type
IANA PEN registry open failed: Aucun fichier ou dossier de ce type
IANA PEN registry open failed: Aucun fichier ou dossier de ce type
IANA PEN registry open failed: Aucun fichier ou dossier de ce type
IANA PEN registry open failed: Aucun fichier ou dossier de ce type
IANA PEN registry open failed: Aucun fichier ou dossier de ce type
IANA PEN registry open failed: Aucun fichier ou dossier de ce type
IANA PEN registry open failed: Aucun fichier ou dossier de ce type
IANA PEN registry open failed: Aucun fichier ou dossier de ce type
IANA PEN registry open failed: Aucun fichier ou dossier de ce type
IANA PEN registry open failed: Aucun fichier ou dossier de ce type
IANA PEN registry open failed: Aucun fichier ou dossier de ce type
IANA PEN registry open failed: Aucun fichier ou dossier de ce type
IANA PEN registry open failed: Aucun fichier ou dossier de ce type
IANA PEN registry open failed: Aucun fichier ou dossier de ce type
IANA PEN registry open failed: Aucun fichier ou dossier de ce type
IANA PEN registry open failed: Aucun fichier ou dossier de ce type
IANA PEN registry open failed: Aucun fichier ou dossier de ce type
IANA PEN registry open failed: Aucun fichier ou dossier de ce type
IANA PEN registry open failed: Aucun fichier ou dossier de ce type
IANA PEN registry open failed: Aucun fichier ou dossier de ce type
IANA PEN registry open failed: Aucun fichier ou dossier de ce type
IANA PEN registry open failed: Aucun fichier ou dossier de ce type
IANA PEN registry open failed: Aucun fichier ou dossier de ce type
IANA PEN registry open failed: Aucun fichier ou dossier de ce type
IANA PEN registry open failed: Aucun fichier ou dossier de ce type
IANA PEN registry open failed: Aucun fichier ou dossier de ce type
IANA PEN registry open failed: Aucun fichier ou dossier de ce type
IANA PEN registry open failed: Aucun fichier ou dossier de ce type
IANA PEN registry open failed: Aucun fichier ou dossier de ce type
IANA PEN registry open failed: Aucun fichier ou dossier de ce type
IANA PEN registry open failed: Aucun fichier ou dossier de ce type
IANA PEN registry open failed: Aucun fichier ou dossier de ce type
IANA PEN registry open failed: Aucun fichier ou dossier de ce type
IANA PEN registry open failed: Aucun fichier ou dossier de ce type
IANA PEN registry open failed: Aucun fichier ou dossier de ce type
IANA PEN registry open failed: Aucun fichier ou dossier de ce type
IANA PEN registry open failed: Aucun fichier ou dossier de ce type
IANA PEN registry open failed: Aucun fichier ou dossier de ce type
IANA PEN registry open failed: Aucun fichier ou dossier de ce type
IANA PEN registry open failed: Aucun fichier ou dossier de ce type
IANA PEN registry open failed: Aucun fichier ou dossier de ce type
IANA PEN registry open failed: Aucun fichier ou dossier de ce type
IANA PEN registry open failed: Aucun fichier ou dossier de ce type
IANA PEN registry open failed: Aucun fichier ou dossier de ce type
IANA PEN registry open failed: Aucun fichier ou dossier de ce type
IANA PEN registry open failed: Aucun fichier ou dossier de ce type
IANA PEN registry open failed: Aucun fichier ou dossier de ce type
IANA PEN registry open failed: Aucun fichier ou dossier de ce type
IANA PEN registry open failed: Aucun fichier ou dossier de ce type
IANA PEN registry open failed: Aucun fichier ou dossier de ce type
IANA PEN registry open failed: Aucun fichier ou dossier de ce type
IANA PEN registry open failed: Aucun fichier ou dossier de ce type
IANA PEN registry open failed: Aucun fichier ou dossier de ce type
IANA PEN registry open failed: Aucun fichier ou dossier de ce type
IANA PEN registry open failed: Aucun fichier ou dossier de ce type
IANA PEN registry open failed: Aucun fichier ou dossier de ce type
IANA PEN registry open failed: Aucun fichier ou dossier de ce type
IANA PEN registry open failed: Aucun fichier ou dossier de ce type
IANA PEN registry open failed: Aucun fichier ou dossier de ce type
IANA PEN registry open failed: Aucun fichier ou dossier de ce type
IANA PEN registry open failed: Aucun fichier ou dossier de ce type
IANA PEN registry open failed: Aucun fichier ou dossier de ce type
IANA PEN registry open failed: Aucun fichier ou dossier de ce type
IANA PEN registry open failed: Aucun fichier ou dossier de ce type
IANA PEN registry open failed: Aucun fichier ou dossier de ce type
IANA PEN registry open failed: Aucun fichier ou dossier de ce type
IANA PEN registry open failed: Aucun fichier ou dossier de ce type
IANA PEN registry open failed: Aucun fichier ou dossier de ce type
IANA PEN registry open failed: Aucun fichier ou dossier de ce type
IANA PEN registry open failed: Aucun fichier ou dossier de ce type
IANA PEN registry open failed: Aucun fichier ou dossier de ce type
IANA PEN registry open failed: Aucun fichier ou dossier de ce type
IANA PEN registry open failed: Aucun fichier ou dossier de ce type
IANA PEN registry open failed: Aucun fichier ou dossier de ce type
IANA PEN registry open failed: Aucun fichier ou dossier de ce type
IANA PEN registry open failed: Aucun fichier ou dossier de ce type
IANA PEN registry open failed: Aucun fichier ou dossier de ce type
IANA PEN registry open failed: Aucun fichier ou dossier de ce type
IANA PEN registry open failed: Aucun fichier ou dossier de ce type
IANA PEN registry open failed: Aucun fichier ou dossier de ce type
IANA PEN registry open failed: Aucun fichier ou dossier de ce type
IANA PEN registry open failed: Aucun fichier ou dossier de ce type
IANA PEN registry open failed: Aucun fichier ou dossier de ce type
IANA PEN registry open failed: Aucun fichier ou dossier de ce type
IANA PEN registry open failed: Aucun fichier ou dossier de ce type
IANA PEN registry open failed: Aucun fichier ou dossier de ce type
IANA PEN registry open failed: Aucun fichier ou dossier de ce type
IANA PEN registry open failed: Aucun fichier ou dossier de ce type
IANA PEN registry open failed: Aucun fichier ou dossier de ce type
IANA PEN registry open failed: Aucun fichier ou dossier de ce type
IANA PEN registry open failed: Aucun fichier ou dossier de ce type
IANA PEN registry open failed: Aucun fichier ou dossier de ce type
IANA PEN registry open failed: Aucun fichier ou dossier de ce type
IANA PEN registry open failed: Aucun fichier ou dossier de ce type
IANA PEN registry open failed: Aucun fichier ou dossier de ce type
IANA PEN registry open failed: Aucun fichier ou dossier de ce type
IANA PEN registry open failed: Aucun fichier ou dossier de ce type
IANA PEN registry open failed: Aucun fichier ou dossier de ce type
IANA PEN registry open failed: Aucun fichier ou dossier de ce type
IANA PEN registry open failed: Aucun fichier ou dossier de ce type
IANA PEN registry open failed: Aucun fichier ou dossier de ce type
IANA PEN registry open failed: Aucun fichier ou dossier de ce type
IANA PEN registry open failed: Aucun fichier ou dossier de ce type
IANA PEN registry open failed: Aucun fichier ou dossier de ce type
IANA PEN registry open failed: Aucun fichier ou dossier de ce type
IANA PEN registry open failed: Aucun fichier ou dossier de ce type
IANA PEN registry open failed: Aucun fichier ou dossier de ce type
IANA PEN registry open failed: Aucun fichier ou dossier de ce type
IANA PEN registry open failed: Aucun fichier ou dossier de ce type
IANA PEN registry open failed: Aucun fichier ou dossier de ce type
IANA PEN registry open failed: Aucun fichier ou dossier de ce type
IANA PEN registry open failed: Aucun fichier ou dossier de ce type
IANA PEN registry open failed: Aucun fichier ou dossier de ce type
IANA PEN registry open failed: Aucun fichier ou dossier de ce type
IANA PEN registry open failed: Aucun fichier ou dossier de ce type
IANA PEN registry open failed: Aucun fichier ou dossier de ce type
IANA PEN registry open failed: Aucun fichier ou dossier de ce type
IANA PEN registry open failed: Aucun fichier ou dossier de ce type
IANA PEN registry open failed: Aucun fichier ou dossier de ce type
IANA PEN registry open failed: Aucun fichier ou dossier de ce type
IANA PEN registry open failed: Aucun fichier ou dossier de ce type
IANA PEN registry open failed: Aucun fichier ou dossier de ce type
IANA PEN registry open failed: Aucun fichier ou dossier de ce type
IANA PEN registry open failed: Aucun fichier ou dossier de ce type
IANA PEN registry open failed: Aucun fichier ou dossier de ce type
IANA PEN registry open failed: Aucun fichier ou dossier de ce type
IANA PEN registry open failed: Aucun fichier ou dossier de ce type
IANA PEN registry open failed: Aucun fichier ou dossier de ce type
IANA PEN registry open failed: Aucun fichier ou dossier de ce type
IANA PEN registry open failed: Aucun fichier ou dossier de ce type
IANA PEN registry open failed: Aucun fichier ou dossier de ce type
IANA PEN registry open failed: Aucun fichier ou dossier de ce type
IANA PEN registry open failed: Aucun fichier ou dossier de ce type
IANA PEN registry open failed: Aucun fichier ou dossier de ce type
IANA PEN registry open failed: Aucun fichier ou dossier de ce type
IANA PEN registry open failed: Aucun fichier ou dossier de ce type
IANA PEN registry open failed: Aucun fichier ou dossier de ce type
IANA PEN registry open failed: Aucun fichier ou dossier de ce type
IANA PEN registry open failed: Aucun fichier ou dossier de ce type
IANA PEN registry open failed: Aucun fichier ou dossier de ce type
IANA PEN registry open failed: Aucun fichier ou dossier de ce type
IANA PEN registry open failed: Aucun fichier ou dossier de ce type
IANA PEN registry open failed: Aucun fichier ou dossier de ce type
IANA PEN registry open failed: Aucun fichier ou dossier de ce type
IANA PEN registry open failed: Aucun fichier ou dossier de ce type
IANA PEN registry open failed: Aucun fichier ou dossier de ce type
IANA PEN registry open failed: Aucun fichier ou dossier de ce type
IANA PEN registry open failed: Aucun fichier ou dossier de ce type
IANA PEN registry open failed: Aucun fichier ou dossier de ce type
IANA PEN registry open failed: Aucun fichier ou dossier de ce type
IANA PEN registry open failed: Aucun fichier ou dossier de ce type
IANA PEN registry open failed: Aucun fichier ou dossier de ce type
IANA PEN registry open failed: Aucun fichier ou dossier de ce type
IANA PEN registry open failed: Aucun fichier ou dossier de ce type
IANA PEN registry open failed: Aucun fichier ou dossier de ce type
IANA PEN registry open failed: Aucun fichier ou dossier de ce type
IANA PEN registry open failed: Aucun fichier ou dossier de ce type
IANA PEN registry open failed: Aucun fichier ou dossier de ce type
IANA PEN registry open failed: Aucun fichier ou dossier de ce type
IANA PEN registry open failed: Aucun fichier ou dossier de ce type
IANA PEN registry open failed: Aucun fichier ou dossier de ce type
IANA PEN registry open failed: Aucun fichier ou dossier de ce type
IANA PEN registry open failed: Aucun fichier ou dossier de ce type
IANA PEN registry open failed: Aucun fichier ou dossier de ce type
IANA PEN registry open failed: Aucun fichier ou dossier de ce type
IANA PEN registry open failed: Aucun fichier ou dossier de ce type
IANA PEN registry open failed: Aucun fichier ou dossier de ce type
IANA PEN registry open failed: Aucun fichier ou dossier de ce type
IANA PEN registry open failed: Aucun fichier ou dossier de ce type
IANA PEN registry open failed: Aucun fichier ou dossier de ce type
IANA PEN registry open failed: Aucun fichier ou dossier de ce type
IANA PEN registry open failed: Aucun fichier ou dossier de ce type
IANA PEN registry open failed: Aucun fichier ou dossier de ce type
IANA PEN registry open failed: Aucun fichier ou dossier de ce type
IANA PEN registry open failed: Aucun fichier ou dossier de ce type
IANA PEN registry open failed: Aucun fichier ou dossier de ce type
IANA PEN registry open failed: Aucun fichier ou dossier de ce type
IANA PEN registry open failed: Aucun fichier ou dossier de ce type
IANA PEN registry open failed: Aucun fichier ou dossier de ce type
IANA PEN registry open failed: Aucun fichier ou dossier de ce type
IANA PEN registry open failed: Aucun fichier ou dossier de ce type
IANA PEN registry open failed: Aucun fichier ou dossier de ce type
IANA PEN registry open failed: Aucun fichier ou dossier de ce type
IANA PEN registry open failed: Aucun fichier ou dossier de ce type
IANA PEN registry open failed: Aucun fichier ou dossier de ce type
IANA PEN registry open failed: Aucun fichier ou dossier de ce type
IANA PEN registry open failed: Aucun fichier ou dossier de ce type
IANA PEN registry open failed: Aucun fichier ou dossier de ce type
IANA PEN registry open failed: Aucun fichier ou dossier de ce type
IANA PEN registry open failed: Aucun fichier ou dossier de ce type
IANA PEN registry open failed: Aucun fichier ou dossier de ce type
IANA PEN registry open failed: Aucun fichier ou dossier de ce type
IANA PEN registry open failed: Aucun fichier ou dossier de ce type
IANA PEN registry open failed: Aucun fichier ou dossier de ce type
IANA PEN registry open failed: Aucun fichier ou dossier de ce type
IANA PEN registry open failed: Aucun fichier ou dossier de ce type
IANA PEN registry open failed: Aucun fichier ou dossier de ce type
IANA PEN registry open failed: Aucun fichier ou dossier de ce type
IANA PEN registry open failed: Aucun fichier ou dossier de ce type
IANA PEN registry open failed: Aucun fichier ou dossier de ce type
IANA PEN registry open failed: Aucun fichier ou dossier de ce type
IANA PEN registry open failed: Aucun fichier ou dossier de ce type
IANA PEN registry open failed: Aucun fichier ou dossier de ce type
IANA PEN registry open failed: Aucun fichier ou dossier de ce type
IANA PEN registry open failed: Aucun fichier ou dossier de ce type
IANA PEN registry open failed: Aucun fichier ou dossier de ce type
IANA PEN registry open failed: Aucun fichier ou dossier de ce type
IANA PEN registry open failed: Aucun fichier ou dossier de ce type
IANA PEN registry open failed: Aucun fichier ou dossier de ce type
